$ nodemon server.js
$ nodemon server.js
yarn run v1.22.5
$ nodemon server.js
$ nodemon server.js
$ nodemon server.js
$ nodemon server.js
$ nodemon server.js
$ nodemon server.js
$ node server.js
$ node server.js
$ node server.js
$ node server.js
$ node server.js
$ node server.js
$ node server.js
$ node server.js
$ node server.js
$ node server.js
$ node server.js
$ node server.js
$ node server.js
$ node server.js
$ node server.js
$ node server.js
$ node server.js
$ node server.js
$ node server.js

> backend@1.0.0 start /home/haxxor/Documents/MrThomas/web-chat-project/backend
> node server.js


> backend@1.0.0 start /home/haxxor/Documents/MrThomas/web-chat-project/backend
> node server.js


> backend@1.0.0 start /home/haxxor/Documents/MrThomas/web-chat-project/backend
> node server.js


> backend@1.0.0 start /home/haxxor/Documents/MrThomas/web-chat-project/backend
> node server.js


> backend@1.0.0 start /home/haxxor/Documents/MrThomas/web-chat-project/backend
> node server.js


> backend@1.0.0 start /home/haxxor/Documents/MrThomas/web-chat-project/backend
> node server.js


> backend@1.0.0 start /home/haxxor/Documents/MrThomas/web-chat-project/backend
> node server.js


> backend@1.0.0 start /home/haxxor/Documents/MrThomas/web-chat-project/backend
> node server.js


> backend@1.0.0 start /home/haxxor/Documents/MrThomas/web-chat-project/backend
> node server.js

